[debug] [2020-05-06T20:52:01.622Z] ----------------------------------------------------------------------
[debug] [2020-05-06T20:52:01.627Z] Command:       C:\Program Files\nodejs\node.exe C:\Users\Anna_\AppData\Roaming\npm\node_modules\firebase-tools\lib\bin\firebase.js deploy --only hosting:arion-admin
[debug] [2020-05-06T20:52:01.627Z] CLI Version:   8.2.0
[debug] [2020-05-06T20:52:01.628Z] Platform:      win32
[debug] [2020-05-06T20:52:01.628Z] Node Version:  v12.16.2
[debug] [2020-05-06T20:52:01.630Z] Time:          Wed May 06 2020 23:52:01 GMT+0300 (GMT+03:00)
[debug] [2020-05-06T20:52:01.630Z] ----------------------------------------------------------------------
[debug] [2020-05-06T20:52:01.631Z] 
[debug] [2020-05-06T20:52:01.650Z] > command requires scopes: ["email","openid","https://www.googleapis.com/auth/cloudplatformprojects.readonly","https://www.googleapis.com/auth/firebase","https://www.googleapis.com/auth/cloud-platform"]
[debug] [2020-05-06T20:52:01.651Z] > authorizing via signed-in user
[debug] [2020-05-06T20:52:01.652Z] [iam] checking project manager-fc68e for permissions ["firebase.projects.get","firebasehosting.sites.update"]
[debug] [2020-05-06T20:52:01.656Z] >>> HTTP REQUEST POST https://cloudresourcemanager.googleapis.com/v1/projects/manager-fc68e:testIamPermissions  
 {"permissions":["firebase.projects.get","firebasehosting.sites.update"]}
[debug] [2020-05-06T20:52:02.691Z] <<< HTTP RESPONSE 200 {"content-type":"application/json; charset=UTF-8","vary":"X-Origin, Referer, Origin,Accept-Encoding","date":"Wed, 06 May 2020 20:52:02 GMT","server":"ESF","cache-control":"private","x-xss-protection":"0","x-frame-options":"SAMEORIGIN","x-content-type-options":"nosniff","server-timing":"gfet4t7; dur=930","alt-svc":"h3-Q050=\":443\"; ma=2592000,h3-Q049=\":443\"; ma=2592000,h3-Q048=\":443\"; ma=2592000,h3-Q046=\":443\"; ma=2592000,h3-Q043=\":443\"; ma=2592000,quic=\":443\"; ma=2592000; v=\"46,43\"","accept-ranges":"none","transfer-encoding":"chunked"}
[debug] [2020-05-06T20:52:02.692Z] >>> HTTP REQUEST GET https://firebase.googleapis.com/v1beta1/projects/manager-fc68e  
 
[debug] [2020-05-06T20:52:02.945Z] <<< HTTP RESPONSE 200 {"content-type":"application/json; charset=UTF-8","vary":"X-Origin, Referer, Origin,Accept-Encoding","date":"Wed, 06 May 2020 20:52:03 GMT","server":"ESF","cache-control":"private","x-xss-protection":"0","x-frame-options":"SAMEORIGIN","x-content-type-options":"nosniff","alt-svc":"h3-27=\":443\"; ma=2592000,h3-25=\":443\"; ma=2592000,h3-Q050=\":443\"; ma=2592000,h3-Q049=\":443\"; ma=2592000,h3-Q048=\":443\"; ma=2592000,h3-Q046=\":443\"; ma=2592000,h3-Q043=\":443\"; ma=2592000,quic=\":443\"; ma=2592000; v=\"46,43\"","accept-ranges":"none","transfer-encoding":"chunked"}
[info] 
[info] === Deploying to 'manager-fc68e'...
[info] 
[info] i  deploying hosting
[info] 
[info] +  Deploy complete!
[info] 
[info] Project Console: https://console.firebase.google.com/project/manager-fc68e/overview
[debug] [2020-05-06T20:52:06.780Z] TypeError: Cannot read property 'deploys' of undefined
    at C:\Users\Anna_\AppData\Roaming\npm\node_modules\firebase-tools\lib\deploy\index.js:84:36
    at processTicksAndRejections (internal/process/task_queues.js:97:5)
[error] 
[error] Error: An unexpected error has occurred.
